<?xml version="1.0" encoding="UTF-8"?>
<testng-results skipped="0" failed="0" ignored="0" total="1" passed="1">
  <reporter-output>
  </reporter-output>
  <suite name="Suite" duration-ms="73190" started-at="2019-12-25T09:15:53Z" finished-at="2019-12-25T09:17:07Z">
    <groups>
    </groups>
    <test name="Test" duration-ms="73190" started-at="2019-12-25T09:15:53Z" finished-at="2019-12-25T09:17:07Z">
      <class name="com.me.AutomationDevelop.homeTest.LoginPF">
        <test-method status="PASS" signature="setUp()[pri:0, instance:com.me.AutomationDevelop.homeTest.LoginPF@104bc677]" name="setUp" is-config="true" duration-ms="30346" started-at="2019-12-25T09:15:53Z" finished-at="2019-12-25T09:16:24Z">
          <reporter-output>
          </reporter-output>
        </test-method> <!-- setUp -->
        <test-method status="PASS" signature="initialize()[pri:0, instance:com.me.AutomationDevelop.homeTest.LoginPF@104bc677]" name="initialize" is-config="true" duration-ms="479" started-at="2019-12-25T09:16:24Z" finished-at="2019-12-25T09:16:24Z">
          <reporter-output>
          </reporter-output>
        </test-method> <!-- initialize -->
        <test-method status="PASS" signature="LoginAmazon()[pri:0, instance:com.me.AutomationDevelop.homeTest.LoginPF@104bc677]" name="LoginAmazon" duration-ms="39164" started-at="2019-12-25T09:16:25Z" finished-at="2019-12-25T09:17:04Z">
          <reporter-output>
          </reporter-output>
        </test-method> <!-- LoginAmazon -->
        <test-method status="PASS" signature="closeBrowser()[pri:0, instance:com.me.AutomationDevelop.homeTest.LoginPF@104bc677]" name="closeBrowser" is-config="true" duration-ms="2742" started-at="2019-12-25T09:17:04Z" finished-at="2019-12-25T09:17:07Z">
          <reporter-output>
          </reporter-output>
        </test-method> <!-- closeBrowser -->
      </class> <!-- com.me.AutomationDevelop.homeTest.LoginPF -->
    </test> <!-- Test -->
  </suite> <!-- Suite -->
</testng-results>
